<?xml version="1.0" encoding="utf-8"?><testsuites name="pytest tests"><testsuite name="pytest" errors="0" failures="1" skipped="0" tests="15" time="2.915" timestamp="2026-05-26T17:51:10.755928+00:00" hostname="agent-env-641bbab0-bb11-48c5-bde4-f48466755e7e"><testcase classname="backend.tests.test_job_tracker_api.TestAuth" name="test_login_wrong_credentials" time="0.245" /><testcase classname="backend.tests.test_job_tracker_api.TestAuth" name="test_me_requires_token" time="0.128" /><testcase classname="backend.tests.test_job_tracker_api.TestAuth" name="test_me_with_token" time="0.253" /><testcase classname="backend.tests.test_job_tracker_api.TestJobsPublic" name="test_list_jobs_public" time="0.156" /><testcase classname="backend.tests.test_job_tracker_api.TestJobsPublic" name="test_create_job_requires_auth" time="0.116" /><testcase classname="backend.tests.test_job_tracker_api.TestJobsPublic" name="test_stats" time="0.137" /><testcase classname="backend.tests.test_job_tracker_api.TestJobsCRUD" name="test_create_job" time="0.279" /><testcase classname="backend.tests.test_job_tracker_api.TestJobsCRUD" name="test_toggle_applied" time="0.253" /><testcase classname="backend.tests.test_job_tracker_api.TestJobsCRUD" name="test_update_job" time="0.112" /><testcase classname="backend.tests.test_job_tracker_api.TestJobsCRUD" name="test_update_nonexistent" time="0.120" /><testcase classname="backend.tests.test_job_tracker_api.TestJobsCRUD" name="test_delete_job" time="0.214" /><testcase classname="backend.tests.test_job_tracker_api.TestJobsCRUD" name="test_delete_requires_auth" time="0.122" /><testcase classname="backend.tests.test_job_tracker_api.TestSmartParse" name="test_smart_parse_requires_auth" time="0.120" /><testcase classname="backend.tests.test_job_tracker_api.TestSmartParse" name="test_smart_parse_too_short" time="0.106" /><testcase classname="backend.tests.test_job_tracker_api.TestSmartParse" name="test_smart_parse_real" time="0.458"><failure message="AssertionError: {&quot;detail&quot;:&quot;LLM error: Failed to generate chat completion: litellm.BadRequestError: OpenAIException - Budget has been exceeded! Current cost: 0.002661, Max budget: 0.001&quot;}&#10;assert 502 == 200&#10; +  where 502 = &lt;Response [502]&gt;.status_code">backend/tests/test_job_tracker_api.py:165: in test_smart_parse_real
    assert r.status_code == 200, r.text
E   AssertionError: {"detail":"LLM error: Failed to generate chat completion: litellm.BadRequestError: OpenAIException - Budget has been exceeded! Current cost: 0.002661, Max budget: 0.001"}
E   assert 502 == 200
E    +  where 502 = &lt;Response [502]&gt;.status_code</failure></testcase></testsuite></testsuites>